
SQL*Loader: Release 19.0.0.0.0 - Production on Fri Dec 4 03:34:53 2020
Version 19.9.0.0.0

Copyright (c) 1982, 2020, Oracle and/or its affiliates.  All rights reserved.

Control File:   day03.ctl
Data File:      input.txt
  Bad File:     input.bad
  Discard File:  none specified
 
 (Allow all discards)

Number to load: ALL
Number to skip: 0
Errors allowed: 50
Bind array:     250 rows, maximum of 1048576 bytes
Continuation:    none specified
Path used:      Conventional

Table DAY03_DATA, loaded from every logical record.
Insert option in effect for this table: TRUNCATE

   Column Name                  Position   Len  Term Encl Datatype
------------------------------ ---------- ----- ---- ---- ---------------------
LINENO                                                    RECNUM
XLINE                               FIRST     *   ^       CHARACTER            


Table DAY03_DATA:
  323 Rows successfully loaded.
  0 Rows not loaded due to data errors.
  0 Rows not loaded because all WHEN clauses were failed.
  0 Rows not loaded because all fields were null.


Space allocated for bind array:                  70250 bytes(250 rows)
Read   buffer bytes: 1048576

Total logical records skipped:          0
Total logical records read:           323
Total logical records rejected:         0
Total logical records discarded:        0

Run began on Fri Dec 04 03:34:53 2020
Run ended on Fri Dec 04 03:34:55 2020

Elapsed time was:     00:00:01.09
CPU time was:         00:00:00.05
